<?xml version="1.0" encoding="UTF-8"?><testsuite errors="2" failures="0" name="Checkout de la compra" skipped="0" tests="2" time="15.87" timestamp="2026-03-04 05:34:40"><testcase name="Se realiza el proceso de checkout del producto agregado"><error message="Could not instantiate class org.openqa.selenium.chrome.ChromeDriver" type="net.thucydides.core.webdriver.DriverConfigurationError">Could not instantiate class org.openqa.selenium.chrome.ChromeDriver</error><system-err>Could not instantiate class org.openqa.selenium.chrome.ChromeDriver
com.automationexercise.stepdefinitions.cart.ModalConfirmation.login_ok(ModalConfirmation.java:21)
</system-err></testcase><testcase name="Se realiza el proceso de compra exitoso"><error message="Could not instantiate class org.openqa.selenium.chrome.ChromeDriver" type="net.thucydides.core.webdriver.DriverConfigurationError">Could not instantiate class org.openqa.selenium.chrome.ChromeDriver</error><system-err>Could not instantiate class org.openqa.selenium.chrome.ChromeDriver
com.automationexercise.stepdefinitions.cart.ModalConfirmation.login_ok(ModalConfirmation.java:21)
</system-err></testcase></testsuite>