<?xml version="1.0" encoding="UTF-8"?><testsuite errors="1" failures="0" name="Cierre de sesión" skipped="0" tests="1" time="7.99" timestamp="2026-03-04 06:17:42"><testcase name="Al realizar el cierre de sesión se es redireccionado al la pagina inicial"><error message="Could not instantiate class org.openqa.selenium.chrome.ChromeDriver" type="net.thucydides.core.webdriver.DriverConfigurationError">Could not instantiate class org.openqa.selenium.chrome.ChromeDriver</error><system-err>Could not instantiate class org.openqa.selenium.chrome.ChromeDriver
com.automationexercise.stepdefinitions.cart.ModalConfirmation.login_ok(ModalConfirmation.java:21)
</system-err></testcase></testsuite>