<?xml version="1.0" encoding="UTF-8"?><testsuite errors="1" failures="1" name="Carrito de compras" skipped="3" tests="5" time="15.6" timestamp="2026-03-05 05:08:55"><testcase name="El usuario observa un modal de confirmacion al agregar productos al carrito de compras"><error message="stale element reference: stale element not found in the current frame&#10;  (Session info: chrome=145.0.7632.116)&#10;For documentation on this error, please visit: https://www.selenium.dev/documentation/webdriver/troubleshooting/errors#stale-element-reference-exception&#10;Build info: version: '4.16.1', revision: '9b4c83354e'&#10;System info: os.name: 'Linux', os.arch: 'amd64', os.version: '6.14.0-1017-azure', java.version: '21.0.10'&#10;Driver info: org.openqa.selenium.chrome.ChromeDriver&#10;Command: [5924268b53243bcb77b471adf97fa0b9, clickElement {id=f.3FE856069EB9039D20CEB56A7E3E2213.d.B92E47651E8902C01586390C21770497.e.78}]&#10;Capabilities {acceptInsecureCerts: false, browserName: chrome, browserVersion: 145.0.7632.116, chrome: {chromedriverVersion: 145.0.7632.159 (838c69b2e5b..., userDataDir: /tmp/org.chromium.Chromium....}, fedcm:accounts: true, goog:chromeOptions: {debuggerAddress: localhost:35921}, goog:processID: 2524, networkConnectionEnabled: false, pageLoadStrategy: normal, platformName: linux, proxy: Proxy(), se:cdp: ws://localhost:35921/devtoo..., se:cdpVersion: 145.0.7632.116, setWindowRect: true, strictFileInteractability: false, timeouts: {implicit: 0, pageLoad: 300000, script: 30000}, unhandledPromptBehavior: dismiss and notify, webauthn:extension:credBlob: true, webauthn:extension:largeBlob: true, webauthn:extension:minPinLength: true, webauthn:extension:prf: true, webauthn:virtualAuthenticators: true}&#10;Element: [[ChromeDriver: chrome on linux (5924268b53243bcb77b471adf97fa0b9)] -&gt; xpath: //a[@class='cart_quantity_delete']]&#10;Session ID: 5924268b53243bcb77b471adf97fa0b9" type="org.openqa.selenium.StaleElementReferenceException">stale element reference: stale element not found in the current frame
  (Session info: chrome=145.0.7632.116)
For documentation on this error, please visit: https://www.selenium.dev/documentation/webdriver/troubleshooting/errors#stale-element-reference-exception
Build info: version: '4.16.1', revision: '9b4c83354e'
System info: os.name: 'Linux', os.arch: 'amd64', os.version: '6.14.0-1017-azure', java.version: '21.0.10'
Driver info: org.openqa.selenium.chrome.ChromeDriver
Command: [5924268b53243bcb77b471adf97fa0b9, clickElement {id=f.3FE856069EB9039D20CEB56A7E3E2213.d.B92E47651E8902C01586390C21770497.e.78}]
Capabilities {acceptInsecureCerts: false, browserName: chrome, browserVersion: 145.0.7632.116, chrome: {chromedriverVersion: 145.0.7632.159 (838c69b2e5b..., userDataDir: /tmp/org.chromium.Chromium....}, fedcm:accounts: true, goog:chromeOptions: {debuggerAddress: localhost:35921}, goog:processID: 2524, networkConnectionEnabled: false, pageLoadStrategy: normal, platformName: linux, proxy: Proxy(), se:cdp: ws://localhost:35921/devtoo..., se:cdpVersion: 145.0.7632.116, setWindowRect: true, strictFileInteractability: false, timeouts: {implicit: 0, pageLoad: 300000, script: 30000}, unhandledPromptBehavior: dismiss and notify, webauthn:extension:credBlob: true, webauthn:extension:largeBlob: true, webauthn:extension:minPinLength: true, webauthn:extension:prf: true, webauthn:virtualAuthenticators: true}
Element: [[ChromeDriver: chrome on linux (5924268b53243bcb77b471adf97fa0b9)] -&gt; xpath: //a[@class='cart_quantity_delete']]
Session ID: 5924268b53243bcb77b471adf97fa0b9</error><system-err>stale element reference: stale element not found in the current frame
  (Session info: chrome=145.0.7632.116)
For documentation on this error, please visit: https://www.selenium.dev/documentation/webdriver/troubleshooting/errors#stale-element-reference-exception
Build info: version: '4.16.1', revision: '9b4c83354e'
System info: os.name: 'Linux', os.arch: 'amd64', os.version: '6.14.0-1017-azure', java.version: '21.0.10'
Driver info: org.openqa.selenium.chrome.ChromeDriver
Command: [5924268b53243bcb77b471adf97fa0b9, clickElement {id=f.3FE856069EB9039D20CEB56A7E3E2213.d.B92E47651E8902C01586390C21770497.e.78}]
Capabilities {acceptInsecureCerts: false, browserName: chrome, browserVersion: 145.0.7632.116, chrome: {chromedriverVersion: 145.0.7632.159 (838c69b2e5b..., userDataDir: /tmp/org.chromium.Chromium....}, fedcm:accounts: true, goog:chromeOptions: {debuggerAddress: localhost:35921}, goog:processID: 2524, networkConnectionEnabled: false, pageLoadStrategy: normal, platformName: linux, proxy: Proxy(), se:cdp: ws://localhost:35921/devtoo..., se:cdpVersion: 145.0.7632.116, setWindowRect: true, strictFileInteractability: false, timeouts: {implicit: 0, pageLoad: 300000, script: 30000}, unhandledPromptBehavior: dismiss and notify, webauthn:extension:credBlob: true, webauthn:extension:largeBlob: true, webauthn:extension:minPinLength: true, webauthn:extension:prf: true, webauthn:virtualAuthenticators: true}
Element: [[ChromeDriver: chrome on linux (5924268b53243bcb77b471adf97fa0b9)] -&gt; xpath: //a[@class='cart_quantity_delete']]
Session ID: 5924268b53243bcb77b471adf97fa0b9
com.automationexercise.tasks.cart.ProductCart.lambda$clearCart$0(ProductCart.java:83)
com.automationexercise.stepdefinitions.Setup.checkItemOnCartBeforeLogout(Setup.java:27)
</system-err></testcase><testcase name="El usuario agrega productos al carrito de compras y comprueba los datos"><skipped/></testcase><testcase name="Actualizar la cantidad de un producto en el carrito de compras"><skipped/></testcase><testcase name="Producto elminado desaparece del carrito de compras"><skipped/></testcase><testcase name="Se visualiza mensaje indicando que el carrito esta vacio despues de eliminar items"><failure message="&#10;Expected: an element that is visible&#10;     but: no matching element found by [Producto Blue Top del inventario located with: xpath: (//a[contains(text(),'Add to cart')])[1]]" type="java.lang.AssertionError">
Expected: an element that is visible
     but: no matching element found by [Producto Blue Top del inventario located with: xpath: (//a[contains(text(),'Add to cart')])[1]]</failure><system-err>
Expected: an element that is visible
     but: no matching element found by [Producto Blue Top del inventario located with: xpath: (//a[contains(text(),'Add to cart')])[1]]
com.automationexercise.stepdefinitions.cart.ModalConfirmation.click_add_to_cart(ModalConfirmation.java:30)
</system-err></testcase></testsuite>