<?xml version="1.0" encoding="UTF-8"?><testsuite errors="4" failures="0" name="Login en AutomationExercise" skipped="0" tests="4" time="21.21" timestamp="2026-03-04 06:01:44"><testcase name="El usuario  inicia sesión con credenciales validas"><error message="Could not instantiate class org.openqa.selenium.chrome.ChromeDriver" type="net.thucydides.core.webdriver.DriverConfigurationError">Could not instantiate class org.openqa.selenium.chrome.ChromeDriver</error><system-err>Could not instantiate class org.openqa.selenium.chrome.ChromeDriver
com.automationexercise.stepdefinitions.auth.LoginWithoutCredentials.openPage(LoginWithoutCredentials.java:16)
</system-err></testcase><testcase name="El usuario intenta iniciar sesión sin ingresar credenciales"><error message="Could not instantiate class org.openqa.selenium.chrome.ChromeDriver" type="net.thucydides.core.webdriver.DriverConfigurationError">Could not instantiate class org.openqa.selenium.chrome.ChromeDriver</error><system-err>Could not instantiate class org.openqa.selenium.chrome.ChromeDriver
com.automationexercise.stepdefinitions.auth.LoginWithoutCredentials.openPage(LoginWithoutCredentials.java:16)
</system-err></testcase><testcase name="El usuario intenta iniciar sesión introduciendo un password incorrecto"><error message="Could not instantiate class org.openqa.selenium.chrome.ChromeDriver" type="net.thucydides.core.webdriver.DriverConfigurationError">Could not instantiate class org.openqa.selenium.chrome.ChromeDriver</error><system-err>Could not instantiate class org.openqa.selenium.chrome.ChromeDriver
com.automationexercise.stepdefinitions.auth.LoginWithoutCredentials.openPage(LoginWithoutCredentials.java:16)
</system-err></testcase><testcase name="El usuario intenta iniciar sesión con un usuario inexistente"><error message="Could not instantiate class org.openqa.selenium.chrome.ChromeDriver" type="net.thucydides.core.webdriver.DriverConfigurationError">Could not instantiate class org.openqa.selenium.chrome.ChromeDriver</error><system-err>Could not instantiate class org.openqa.selenium.chrome.ChromeDriver
com.automationexercise.stepdefinitions.auth.LoginWithoutCredentials.openPage(LoginWithoutCredentials.java:16)
</system-err></testcase></testsuite>