<?xml version="1.0" encoding="UTF-8"?><testsuite errors="5" failures="0" name="Carrito de compras" skipped="0" tests="5" time="41.32" timestamp="2026-03-04 05:52:27"><testcase name="El usuario observa un modal de confirmacion al agregar productos al carrito de compras"><error message="Could not instantiate class org.openqa.selenium.chrome.ChromeDriver" type="net.thucydides.core.webdriver.DriverConfigurationError">Could not instantiate class org.openqa.selenium.chrome.ChromeDriver</error><system-err>Could not instantiate class org.openqa.selenium.chrome.ChromeDriver
com.automationexercise.stepdefinitions.cart.ModalConfirmation.login_ok(ModalConfirmation.java:21)
</system-err></testcase><testcase name="El usuario agrega productos al carrito de compras y comprueba los datos"><error message="Could not instantiate class org.openqa.selenium.chrome.ChromeDriver" type="net.thucydides.core.webdriver.DriverConfigurationError">Could not instantiate class org.openqa.selenium.chrome.ChromeDriver</error><system-err>Could not instantiate class org.openqa.selenium.chrome.ChromeDriver
com.automationexercise.stepdefinitions.cart.ModalConfirmation.login_ok(ModalConfirmation.java:21)
</system-err></testcase><testcase name="Actualizar la cantidad de un producto en el carrito de compras"><error message="Could not instantiate class org.openqa.selenium.chrome.ChromeDriver" type="net.thucydides.core.webdriver.DriverConfigurationError">Could not instantiate class org.openqa.selenium.chrome.ChromeDriver</error><system-err>Could not instantiate class org.openqa.selenium.chrome.ChromeDriver
com.automationexercise.stepdefinitions.cart.ModalConfirmation.login_ok(ModalConfirmation.java:21)
</system-err></testcase><testcase name="Producto elminado desaparece del carrito de compras"><error message="Could not instantiate class org.openqa.selenium.chrome.ChromeDriver" type="net.thucydides.core.webdriver.DriverConfigurationError">Could not instantiate class org.openqa.selenium.chrome.ChromeDriver</error><system-err>Could not instantiate class org.openqa.selenium.chrome.ChromeDriver
com.automationexercise.stepdefinitions.cart.ModalConfirmation.login_ok(ModalConfirmation.java:21)
</system-err></testcase><testcase name="Se visualiza mensaje indicando que el carrito esta vacio despues de eliminar items"><error message="Could not instantiate class org.openqa.selenium.chrome.ChromeDriver" type="net.thucydides.core.webdriver.DriverConfigurationError">Could not instantiate class org.openqa.selenium.chrome.ChromeDriver</error><system-err>Could not instantiate class org.openqa.selenium.chrome.ChromeDriver
com.automationexercise.stepdefinitions.cart.ModalConfirmation.login_ok(ModalConfirmation.java:21)
</system-err></testcase></testsuite>