<?xml version="1.0" encoding="UTF-8"?><testsuite errors="1" failures="0" name="Login en AutomationExercise" skipped="2" tests="4" time="2.53" timestamp="2026-03-05 05:10:16"><testcase name="El usuario  inicia sesión con credenciales validas"><skipped/></testcase><testcase name="El usuario intenta iniciar sesión sin ingresar credenciales"/><testcase name="El usuario intenta iniciar sesión introduciendo un password incorrecto"><error message="no such element: Unable to locate element: {&quot;method&quot;:&quot;xpath&quot;,&quot;selector&quot;:&quot;//p[contains(text(),'Your email or password is incorrect!')]&quot;}&#10;  (Session info: chrome=145.0.7632.116)&#10;For documentation on this error, please visit: https://www.selenium.dev/documentation/webdriver/troubleshooting/errors#no-such-element-exception&#10;Build info: version: '4.16.1', revision: '9b4c83354e'&#10;System info: os.name: 'Linux', os.arch: 'amd64', os.version: '6.14.0-1017-azure', java.version: '21.0.10'&#10;Driver info: org.openqa.selenium.chrome.ChromeDriver&#10;Command: [a17ca68535bdd68d5f8e7b4f2ddd8930, findElement {using=xpath, value=//p[contains(text(),'Your email or password is incorrect!')]}]&#10;Capabilities {acceptInsecureCerts: false, browserName: chrome, browserVersion: 145.0.7632.116, chrome: {chromedriverVersion: 145.0.7632.159 (838c69b2e5b..., userDataDir: /tmp/org.chromium.Chromium....}, fedcm:accounts: true, goog:chromeOptions: {debuggerAddress: localhost:38709}, goog:processID: 3291, networkConnectionEnabled: false, pageLoadStrategy: normal, platformName: linux, proxy: Proxy(), se:cdp: ws://localhost:38709/devtoo..., se:cdpVersion: 145.0.7632.116, setWindowRect: true, strictFileInteractability: false, timeouts: {implicit: 0, pageLoad: 300000, script: 30000}, unhandledPromptBehavior: dismiss and notify, webauthn:extension:credBlob: true, webauthn:extension:largeBlob: true, webauthn:extension:minPinLength: true, webauthn:extension:prf: true, webauthn:virtualAuthenticators: true}&#10;Session ID: a17ca68535bdd68d5f8e7b4f2ddd8930" type="org.openqa.selenium.NoSuchElementException">no such element: Unable to locate element: {"method":"xpath","selector":"//p[contains(text(),'Your email or password is incorrect!')]"}
  (Session info: chrome=145.0.7632.116)
For documentation on this error, please visit: https://www.selenium.dev/documentation/webdriver/troubleshooting/errors#no-such-element-exception
Build info: version: '4.16.1', revision: '9b4c83354e'
System info: os.name: 'Linux', os.arch: 'amd64', os.version: '6.14.0-1017-azure', java.version: '21.0.10'
Driver info: org.openqa.selenium.chrome.ChromeDriver
Command: [a17ca68535bdd68d5f8e7b4f2ddd8930, findElement {using=xpath, value=//p[contains(text(),'Your email or password is incorrect!')]}]
Capabilities {acceptInsecureCerts: false, browserName: chrome, browserVersion: 145.0.7632.116, chrome: {chromedriverVersion: 145.0.7632.159 (838c69b2e5b..., userDataDir: /tmp/org.chromium.Chromium....}, fedcm:accounts: true, goog:chromeOptions: {debuggerAddress: localhost:38709}, goog:processID: 3291, networkConnectionEnabled: false, pageLoadStrategy: normal, platformName: linux, proxy: Proxy(), se:cdp: ws://localhost:38709/devtoo..., se:cdpVersion: 145.0.7632.116, setWindowRect: true, strictFileInteractability: false, timeouts: {implicit: 0, pageLoad: 300000, script: 30000}, unhandledPromptBehavior: dismiss and notify, webauthn:extension:credBlob: true, webauthn:extension:largeBlob: true, webauthn:extension:minPinLength: true, webauthn:extension:prf: true, webauthn:virtualAuthenticators: true}
Session ID: a17ca68535bdd68d5f8e7b4f2ddd8930</error><system-err>no such element: Unable to locate element: {"method":"xpath","selector":"//p[contains(text(),'Your email or password is incorrect!')]"}
  (Session info: chrome=145.0.7632.116)
For documentation on this error, please visit: https://www.selenium.dev/documentation/webdriver/troubleshooting/errors#no-such-element-exception
Build info: version: '4.16.1', revision: '9b4c83354e'
System info: os.name: 'Linux', os.arch: 'amd64', os.version: '6.14.0-1017-azure', java.version: '21.0.10'
Driver info: org.openqa.selenium.chrome.ChromeDriver
Command: [a17ca68535bdd68d5f8e7b4f2ddd8930, findElement {using=xpath, value=//p[contains(text(),'Your email or password is incorrect!')]}]
Capabilities {acceptInsecureCerts: false, browserName: chrome, browserVersion: 145.0.7632.116, chrome: {chromedriverVersion: 145.0.7632.159 (838c69b2e5b..., userDataDir: /tmp/org.chromium.Chromium....}, fedcm:accounts: true, goog:chromeOptions: {debuggerAddress: localhost:38709}, goog:processID: 3291, networkConnectionEnabled: false, pageLoadStrategy: normal, platformName: linux, proxy: Proxy(), se:cdp: ws://localhost:38709/devtoo..., se:cdpVersion: 145.0.7632.116, setWindowRect: true, strictFileInteractability: false, timeouts: {implicit: 0, pageLoad: 300000, script: 30000}, unhandledPromptBehavior: dismiss and notify, webauthn:extension:credBlob: true, webauthn:extension:largeBlob: true, webauthn:extension:minPinLength: true, webauthn:extension:prf: true, webauthn:virtualAuthenticators: true}
Session ID: a17ca68535bdd68d5f8e7b4f2ddd8930
com.automationexercise.questions.LoginPage.lambda$isErrorMessageVisible$3(LoginPage.java:27)
com.automationexercise.stepdefinitions.auth.WrongPassword.validateErrorMessage(WrongPassword.java:30)
</system-err></testcase><testcase name="El usuario intenta iniciar sesión con un usuario inexistente"><skipped/></testcase></testsuite>